<?xml version="1.0" encoding="UTF-8"?>
<testng-results skipped="0" failed="0" ignored="0" total="1" passed="1">
  <reporter-output>
  </reporter-output>
  <suite name="Default suite" duration-ms="27389" started-at="2018-08-08T06:18:59Z" finished-at="2018-08-08T06:19:26Z">
    <groups>
    </groups>
    <test name="Default test" duration-ms="27389" started-at="2018-08-08T06:18:59Z" finished-at="2018-08-08T06:19:26Z">
      <class name="student.MyMaven.TestScript">
        <test-method status="PASS" signature="setUp()[pri:0, instance:student.MyMaven.TestScript@53b32d7]" name="setUp" is-config="true" duration-ms="20833" started-at="2018-08-08T06:18:59Z" finished-at="2018-08-08T06:19:20Z">
          <reporter-output>
          </reporter-output>
        </test-method> <!-- setUp -->
        <test-method status="PASS" signature="checkGoogle()[pri:0, instance:student.MyMaven.TestScript@53b32d7]" name="checkGoogle" duration-ms="4622" started-at="2018-08-08T06:19:20Z" finished-at="2018-08-08T06:19:24Z">
          <reporter-output>
          </reporter-output>
        </test-method> <!-- checkGoogle -->
        <test-method status="PASS" signature="tearDown()[pri:0, instance:student.MyMaven.TestScript@53b32d7]" name="tearDown" is-config="true" duration-ms="1868" started-at="2018-08-08T06:19:24Z" finished-at="2018-08-08T06:19:26Z">
          <reporter-output>
          </reporter-output>
        </test-method> <!-- tearDown -->
      </class> <!-- student.MyMaven.TestScript -->
    </test> <!-- Default test -->
  </suite> <!-- Default suite -->
</testng-results>
